<?xml version="1.0" encoding="UTF-8"?>
<!-- Generated by org.testng.reporters.JUnitReportReporter -->
<testsuite skipped="2" hostname="LAPTOP-JHCO5B84" name="regressionScripts.Regression" tests="4" failures="0" timestamp="2020-08-17T22:29:58 IST" time="27.771" errors="0">
  <testcase name="validLoginLogout" time="11.991" classname="regressionScripts.Regression"/>
  <system-out/>
  <testcase name="sendBugReport" time="15.780" classname="regressionScripts.Regression"/>
  <system-out/>
  <testcase name="InvalidLogin" classname="regressionScripts.Regression">
    <skipped/>
  </testcase> <!-- InvalidLogin -->
  <system-out/>
  <testcase name="verifyActitimeversion" classname="regressionScripts.Regression">
    <skipped/>
  </testcase> <!-- verifyActitimeversion -->
  <system-out/>
</testsuite> <!-- regressionScripts.Regression -->
